2015-06-21 04:45:19 | Save : SID=44,TYPE=update,adSpace_id=10048BM=0.0000NM=0
2015-06-21 04:45:19 | Save : SID=45,TYPE=update,adSpace_id=1003936BM=0.0000NM=0
2015-06-21 04:45:19 | Save : SID=46,TYPE=update,adSpace_id=1004199BM=0.0000NM=0
2015-06-21 04:45:19 | Save : SID=47,TYPE=update,adSpace_id=1006282BM=0.0000NM=0
2015-06-21 04:45:20 | Save : SID=48,TYPE=update,adSpace_id=10014462BM=0.0018NM=0.00355
2015-06-21 04:45:20 | Save : SID=264,TYPE=update,adSpace_id=10053BM=0.0000NM=0
2015-06-21 04:45:20 | Save : SID=265,TYPE=update,adSpace_id=10014443BM=0.0000NM=0
2015-06-21 04:45:20 | Save : SID=266,TYPE=update,adSpace_id=10014457BM=0.0000NM=0
2015-06-21 04:45:20 | Save : SID=1,TYPE=update,adSpace_id=10085BM=0.0000NM=0
2015-06-21 04:45:20 | Save : SID=2,TYPE=update,adSpace_id=100202681BM=0.0000NM=0
2015-06-21 04:45:20 | Save : SID=3,TYPE=update,adSpace_id=100202695BM=0.0000NM=0
2015-06-21 04:45:20 | Save : SID=4,TYPE=update,adSpace_id=100199BM=0.0000NM=0
2015-06-21 04:45:20 | Save : SID=5,TYPE=update,adSpace_id=100204BM=0.0000NM=3.0E-6
2015-06-21 04:45:20 | Save : SID=6,TYPE=update,adSpace_id=100216BM=0.0000NM=0
2015-06-21 04:45:20 | Save : SID=7,TYPE=update,adSpace_id=100224BM=0.0000NM=0
2015-06-21 04:45:20 | Save : SID=8,TYPE=update,adSpace_id=100229BM=0.8668NM=1.73355993
2015-06-21 04:45:20 | Save : SID=9,TYPE=update,adSpace_id=100248BM=0.0000NM=1.5E-5
2015-06-21 04:45:20 | Save : SID=10,TYPE=update,adSpace_id=100256BM=0.0000NM=0
2015-06-21 04:45:21 | Save : SID=11,TYPE=update,adSpace_id=100261BM=0.0000NM=0
2015-06-21 04:45:21 | Save : SID=12,TYPE=update,adSpace_id=100266BM=0.0000NM=0
2015-06-21 04:45:21 | Save : SID=13,TYPE=update,adSpace_id=100271BM=0.0000NM=0
2015-06-21 04:45:21 | Save : SID=14,TYPE=update,adSpace_id=100312BM=0.0000NM=0
2015-06-21 04:45:21 | Save : SID=15,TYPE=update,adSpace_id=100317BM=0.0000NM=0
2015-06-21 04:45:21 | Save : SID=92,TYPE=update,adSpace_id=100455BM=0.0000NM=0
2015-06-21 04:45:21 | Save : SID=93,TYPE=update,adSpace_id=10012721BM=0.0009NM=0.00180949
2015-06-21 04:45:21 | Save : SID=94,TYPE=update,adSpace_id=10012736BM=0.0000NM=0
2015-06-21 04:45:21 | Save : SID=95,TYPE=update,adSpace_id=10013050BM=0.0000NM=0
2015-06-21 04:45:21 | Save : SID=96,TYPE=update,adSpace_id=10013055BM=0.0000NM=0
2015-06-21 04:45:21 | Save : SID=125,TYPE=update,adSpace_id=100459BM=0.5176NM=1.03515568
2015-06-21 04:45:21 | Save : SID=162,TYPE=update,adSpace_id=100464BM=0.0000NM=6.0E-6
2015-06-21 04:45:22 | Save : SID=163,TYPE=update,adSpace_id=10013323BM=1.7816NM=3.56321886
2015-06-21 04:45:22 | Save : SID=164,TYPE=update,adSpace_id=10013328BM=0.0000NM=0
2015-06-21 04:45:22 | Save : SID=165,TYPE=update,adSpace_id=10013333BM=0.0000NM=0
2015-06-21 04:45:22 | Save : SID=166,TYPE=update,adSpace_id=100468BM=3.0000NM=6.00003
2015-06-21 04:45:22 | Save : SID=167,TYPE=update,adSpace_id=100472BM=0.0000NM=0
2015-06-21 04:45:22 | Save : SID=168,TYPE=update,adSpace_id=10013351BM=0.0030NM=0.006
2015-06-21 04:45:22 | Save : SID=169,TYPE=update,adSpace_id=10013367BM=6.0712NM=12.14241578
2015-06-21 04:45:22 | Save : SID=63,TYPE=update,adSpace_id=100476BM=0.0000NM=0
2015-06-21 04:45:22 | Save : SID=64,TYPE=update,adSpace_id=100566BM=0.5280NM=1.056
2015-06-21 04:45:22 | Save : SID=65,TYPE=update,adSpace_id=10010543BM=1.8031NM=3.6061633
2015-06-21 04:45:22 | Save : SID=66,TYPE=update,adSpace_id=10010548BM=1.4070NM=2.814
2015-06-21 04:45:22 | Save : SID=67,TYPE=update,adSpace_id=10010560BM=0.0000NM=0
2015-06-21 04:45:22 | Save : SID=68,TYPE=update,adSpace_id=10010567BM=0.0035NM=0.007
2015-06-21 04:45:23 | Save : SID=69,TYPE=update,adSpace_id=10010572BM=0.0000NM=0
2015-06-21 04:45:23 | Save : SID=182,TYPE=update,adSpace_id=10012486BM=1.3361NM=2.67220857
2015-06-21 04:45:23 | Save : SID=87,TYPE=update,adSpace_id=10010667BM=4.0160NM=8.032
2015-06-21 04:45:23 | Save : SID=88,TYPE=update,adSpace_id=10010677BM=0.0057NM=0.01140118
2015-06-21 04:45:23 | Save : SID=89,TYPE=update,adSpace_id=10010693BM=2.0040NM=4.008
2015-06-21 04:45:23 | Save : SID=173,TYPE=update,adSpace_id=10012446BM=0.0002NM=0.00043325
2015-06-21 04:45:23 | Save : SID=174,TYPE=update,adSpace_id=10012451BM=0.0031NM=0.006247
2015-06-21 04:45:23 | Save : SID=175,TYPE=update,adSpace_id=10012456BM=0.0000NM=0
2015-06-21 04:45:23 | Save : SID=176,TYPE=update,adSpace_id=10012466BM=0.0000NM=0
2015-06-21 04:45:23 | Save : SID=177,TYPE=update,adSpace_id=10012471BM=6.0178NM=12.0356275
2015-06-21 04:45:23 | Save : SID=178,TYPE=update,adSpace_id=10012476BM=0.0000NM=0
2015-06-21 04:45:23 | Save : SID=185,TYPE=update,adSpace_id=100712BM=0.0000NM=6.0E-6
2015-06-21 04:45:23 | Save : SID=186,TYPE=update,adSpace_id=100717BM=0.0000NM=2.4E-5
2015-06-21 04:45:24 | Save : SID=187,TYPE=update,adSpace_id=10012508BM=0.0000NM=0
2015-06-21 04:45:24 | Save : SID=188,TYPE=update,adSpace_id=10012513BM=0.0000NM=0
2015-06-21 04:45:24 | Save : SID=189,TYPE=update,adSpace_id=100812BM=15.3103NM=30.62061965
2015-06-21 04:45:24 | Save : SID=190,TYPE=update,adSpace_id=100827BM=6.5369NM=13.07383113
2015-06-21 04:45:24 | Save : SID=191,TYPE=update,adSpace_id=100835BM=3.0030NM=6.006003
2015-06-21 04:45:24 | Save : SID=192,TYPE=update,adSpace_id=100839BM=1.5000NM=3
2015-06-21 04:45:24 | Save : SID=193,TYPE=update,adSpace_id=100875BM=0.0000NM=0
2015-06-21 04:45:24 | Save : SID=194,TYPE=update,adSpace_id=10012660BM=1.7968NM=3.59355949
2015-06-21 04:45:24 | Save : SID=195,TYPE=update,adSpace_id=10012671BM=0.0000NM=6.0E-6
2015-06-21 04:45:24 | Save : SID=196,TYPE=update,adSpace_id=10012681BM=0.0000NM=0
2015-06-21 04:45:24 | Save : SID=197,TYPE=update,adSpace_id=10012691BM=0.0000NM=0
2015-06-21 04:45:24 | Save : SID=198,TYPE=update,adSpace_id=10012696BM=0.0000NM=0
2015-06-21 04:45:24 | Save : SID=211,TYPE=update,adSpace_id=100843BM=0.0000NM=0
2015-06-21 04:45:25 | Save : SID=212,TYPE=update,adSpace_id=10013834BM=0.0000NM=9.0E-6
2015-06-21 04:45:25 | Save : SID=213,TYPE=update,adSpace_id=10013839BM=0.0064NM=0.012832
2015-06-21 04:45:25 | Save : SID=214,TYPE=update,adSpace_id=10013848BM=0.0000NM=0
2015-06-21 04:45:25 | Save : SID=215,TYPE=update,adSpace_id=10013853BM=0.0000NM=0
2015-06-21 04:45:25 | Save : SID=216,TYPE=update,adSpace_id=10013858BM=0.0000NM=3.0E-6
2015-06-21 04:45:25 | Save : SID=17,TYPE=update,adSpace_id=100844BM=0.0000NM=0
2015-06-21 04:45:25 | Save : SID=18,TYPE=update,adSpace_id=1001463BM=0.0000NM=0
2015-06-21 04:45:25 | Save : SID=19,TYPE=update,adSpace_id=1004609BM=0.0000NM=0
2015-06-21 04:45:25 | Save : SID=20,TYPE=update,adSpace_id=1007915BM=0.0003NM=0.000564
2015-06-21 04:45:25 | Save : SID=21,TYPE=update,adSpace_id=1008279BM=0.0000NM=0
2015-06-21 04:45:25 | Save : SID=22,TYPE=update,adSpace_id=1009022BM=0.0000NM=0
2015-06-21 04:45:25 | Save : SID=217,TYPE=update,adSpace_id=10013863BM=0.2084NM=0.41676645
2015-06-21 04:45:25 | Save : SID=218,TYPE=update,adSpace_id=10013868BM=0.3567NM=0.71335616
2015-06-21 04:45:25 | Save : SID=219,TYPE=update,adSpace_id=10013873BM=2.7198NM=5.43955972
2015-06-21 04:45:26 | Save : SID=220,TYPE=update,adSpace_id=100940BM=17.5825NM=35.16495127
2015-06-21 04:45:26 | Save : SID=221,TYPE=update,adSpace_id=100968BM=18.8647NM=37.72943835
2015-06-21 04:45:26 | Save : SID=222,TYPE=update,adSpace_id=10013878BM=0.0000NM=0
2015-06-21 04:45:26 | Save : SID=223,TYPE=update,adSpace_id=10013883BM=0.0000NM=0
2015-06-21 04:45:26 | Save : SID=224,TYPE=update,adSpace_id=10013888BM=0.0033NM=0.006606
2015-06-21 04:45:26 | Save : SID=201,TYPE=update,adSpace_id=100950BM=3.2292NM=6.45836637
2015-06-21 04:45:26 | Save : SID=202,TYPE=update,adSpace_id=10012818BM=0.0000NM=0
2015-06-21 04:45:26 | Save : SID=203,TYPE=update,adSpace_id=10012823BM=0.0000NM=2.7E-5
2015-06-21 04:45:26 | Save : SID=204,TYPE=update,adSpace_id=10012828BM=0.0000NM=0
2015-06-21 04:45:26 | Save : SID=254,TYPE=update,adSpace_id=100987BM=0.0000NM=0
2015-06-21 04:45:26 | Save : SID=255,TYPE=update,adSpace_id=10014124BM=0.0000NM=0
2015-06-21 04:45:26 | Save : SID=256,TYPE=update,adSpace_id=10014129BM=1.1420NM=2.28395618
2015-06-21 04:45:26 | Save : SID=257,TYPE=update,adSpace_id=10014136BM=0.0000NM=0
2015-06-21 04:45:27 | Save : SID=25,TYPE=update,adSpace_id=1001515BM=0.0000NM=0
2015-06-21 04:45:27 | Save : SID=26,TYPE=update,adSpace_id=1002754BM=0.0000NM=0
2015-06-21 04:45:27 | Save : SID=27,TYPE=update,adSpace_id=1002800BM=0.0000NM=0
2015-06-21 04:45:27 | Save : SID=28,TYPE=update,adSpace_id=1002843BM=0.0000NM=0
2015-06-21 04:45:27 | Save : SID=29,TYPE=update,adSpace_id=1002847BM=0.0000NM=0
2015-06-21 04:45:27 | Save : SID=30,TYPE=update,adSpace_id=1003183BM=0.0000NM=0
2015-06-21 04:45:27 | Save : SID=31,TYPE=update,adSpace_id=1003576BM=0.0000NM=0
2015-06-21 04:45:27 | Save : SID=32,TYPE=update,adSpace_id=1004126BM=0.0000NM=0
2015-06-21 04:45:27 | Save : SID=33,TYPE=update,adSpace_id=1005840BM=0.0000NM=0
2015-06-21 04:45:27 | Save : SID=34,TYPE=update,adSpace_id=1007520BM=0.0000NM=0
2015-06-21 04:45:27 | Save : SID=35,TYPE=update,adSpace_id=1008885BM=0.0000NM=0
2015-06-21 04:45:27 | Save : SID=36,TYPE=update,adSpace_id=10011421BM=0.0000NM=0
2015-06-21 04:45:28 | Save : SID=37,TYPE=update,adSpace_id=10011430BM=0.0000NM=0
2015-06-21 04:45:28 | Save : SID=23,TYPE=update,adSpace_id=1001093BM=0.0000NM=0
2015-06-21 04:45:28 | Save : SID=206,TYPE=update,adSpace_id=1001118BM=0.0000NM=0
2015-06-21 04:45:28 | Save : SID=207,TYPE=update,adSpace_id=10012967BM=0.0000NM=0
2015-06-21 04:45:28 | Save : SID=208,TYPE=update,adSpace_id=10012972BM=0.0000NM=0
2015-06-21 04:45:28 | Save : SID=209,TYPE=update,adSpace_id=10012979BM=0.0000NM=0
2015-06-21 04:45:28 | Save : SID=210,TYPE=update,adSpace_id=10012984BM=0.0030NM=0.006
2015-06-21 04:45:28 | Save : SID=267,TYPE=update,adSpace_id=1001127BM=0.0000NM=0
2015-06-21 04:45:28 | Save : SID=225,TYPE=update,adSpace_id=10013893BM=5.1224NM=10.2448022
2015-06-21 04:45:28 | Save : SID=226,TYPE=update,adSpace_id=10013898BM=7.8153NM=15.63058668
2015-06-21 04:45:28 | Save : SID=227,TYPE=update,adSpace_id=10013903BM=0.0000NM=0
2015-06-21 04:45:28 | Save : SID=228,TYPE=update,adSpace_id=10013918BM=0.0000NM=0
2015-06-21 04:45:29 | Save : SID=246,TYPE=update,adSpace_id=1001144BM=9.6999NM=19.39976307
2015-06-21 04:45:29 | Save : SID=247,TYPE=update,adSpace_id=10014039BM=0.0030NM=0.006
2015-06-21 04:45:29 | Save : SID=248,TYPE=update,adSpace_id=10014044BM=0.0000NM=0
2015-06-21 04:45:29 | Save : SID=249,TYPE=update,adSpace_id=10014049BM=0.0000NM=0
2015-06-21 04:45:29 | Save : SID=250,TYPE=update,adSpace_id=10014054BM=0.0001NM=0.00016
2015-06-21 04:45:29 | Save : SID=251,TYPE=update,adSpace_id=10014059BM=2.1577NM=4.31541704
2015-06-21 04:45:29 | Save : SID=252,TYPE=update,adSpace_id=10014073BM=0.0000NM=0
2015-06-21 04:45:29 | Save : SID=253,TYPE=update,adSpace_id=10014119BM=0.2698NM=0.53963856
2015-06-21 04:45:29 | Save : SID=244,TYPE=update,adSpace_id=10014027BM=1.5002NM=3.000428
2015-06-21 04:45:29 | Save : SID=245,TYPE=update,adSpace_id=10014034BM=1.3866NM=2.77322428
2015-06-21 04:45:29 | Save : SID=242,TYPE=update,adSpace_id=10013999BM=0.1979NM=0.39577756
2015-06-21 04:45:30 | Save : SID=243,TYPE=update,adSpace_id=10014004BM=4.7928NM=9.58563728
2015-06-21 04:45:30 | Save : SID=238,TYPE=update,adSpace_id=1001187BM=0.0000NM=2.4E-5
2015-06-21 04:45:30 | Save : SID=239,TYPE=update,adSpace_id=10013984BM=0.9011NM=1.80223141
2015-06-21 04:45:30 | Save : SID=236,TYPE=update,adSpace_id=10010457BM=0.0120NM=0.024
2015-06-21 04:45:30 | Save : SID=237,TYPE=update,adSpace_id=10010492BM=0.0000NM=0
2015-06-21 04:45:30 | Save : SID=232,TYPE=update,adSpace_id=1001210BM=0.0060NM=0.012
2015-06-21 04:45:30 | Save : SID=233,TYPE=update,adSpace_id=10013949BM=0.0000NM=0
2015-06-21 04:45:30 | Save : SID=229,TYPE=update,adSpace_id=10013923BM=0.0000NM=0
2015-06-21 04:45:30 | Save : SID=230,TYPE=update,adSpace_id=10013928BM=0.0000NM=0
2015-06-21 04:45:30 | Save : SID=231,TYPE=update,adSpace_id=10013936BM=0.0000NM=0
2015-06-21 04:45:30 | Save : SID=24,TYPE=update,adSpace_id=1001351BM=0.0000NM=0
2015-06-21 04:45:30 | Save : SID=101,TYPE=update,adSpace_id=10010839BM=4.5120NM=9.024
2015-06-21 04:45:31 | Save : SID=102,TYPE=update,adSpace_id=10010844BM=3.0185NM=6.03696634
2015-06-21 04:45:31 | Save : SID=103,TYPE=update,adSpace_id=10010854BM=0.0000NM=0
2015-06-21 04:45:31 | Save : SID=104,TYPE=update,adSpace_id=10010859BM=1.6968NM=3.39363494
2015-06-21 04:45:31 | Save : SID=105,TYPE=update,adSpace_id=10010869BM=1.2911NM=2.58223247
2015-06-21 04:45:31 | Save : SID=106,TYPE=update,adSpace_id=10010874BM=0.0000NM=0
2015-06-21 04:45:31 | Save : SID=126,TYPE=update,adSpace_id=10012208BM=0.0000NM=0
2015-06-21 04:45:31 | Save : SID=127,TYPE=update,adSpace_id=10012213BM=0.0000NM=0
2015-06-21 04:45:31 | Save : SID=128,TYPE=update,adSpace_id=10012218BM=0.0000NM=0
2015-06-21 04:45:31 | Save : SID=129,TYPE=update,adSpace_id=10012223BM=0.0000NM=0
2015-06-21 04:45:31 | Save : SID=39,TYPE=update,adSpace_id=1001780BM=0.0000NM=0
2015-06-21 04:45:31 | Save : SID=40,TYPE=update,adSpace_id=1001834BM=0.0000NM=5.0E-7
2015-06-21 04:45:32 | Save : SID=41,TYPE=update,adSpace_id=1005004BM=1.0800NM=2.16
2015-06-21 04:45:32 | Save : SID=42,TYPE=update,adSpace_id=1005992BM=0.0000NM=0
2015-06-21 04:45:32 | Save : SID=43,TYPE=update,adSpace_id=1006049BM=0.0015NM=0.003003
2015-06-21 04:45:32 | Save : SID=38,TYPE=update,adSpace_id=1001784BM=0.0010NM=0.002
2015-06-21 04:45:32 | Save : SID=49,TYPE=update,adSpace_id=100203119BM=0.0000NM=0
2015-06-21 04:45:32 | Save : SID=50,TYPE=update,adSpace_id=1004996BM=0.2572NM=0.51440401
2015-06-21 04:45:32 | Save : SID=16,TYPE=update,adSpace_id=1008236BM=0.0000NM=0
2015-06-21 04:45:32 | Save : SID=258,TYPE=update,adSpace_id=100202806BM=2.4060NM=4.812
2015-06-21 04:45:32 | Save : SID=259,TYPE=update,adSpace_id=100202808BM=0.0000NM=0
2015-06-21 04:45:32 | Save : SID=75,TYPE=update,adSpace_id=10010607BM=2.1450NM=4.2899533
2015-06-21 04:45:32 | Save : SID=76,TYPE=update,adSpace_id=10010617BM=0.0000NM=0
2015-06-21 04:45:32 | Save : SID=114,TYPE=update,adSpace_id=10010732BM=3.1686NM=6.33721287
2015-06-21 04:45:33 | Save : SID=115,TYPE=update,adSpace_id=10010759BM=0.0003NM=0.0005618
2015-06-21 04:45:33 | Save : SID=116,TYPE=update,adSpace_id=10010769BM=0.0000NM=0
2015-06-21 04:45:33 | Save : SID=117,TYPE=update,adSpace_id=10010774BM=1.5000NM=3.000015
2015-06-21 04:45:33 | Save : SID=118,TYPE=update,adSpace_id=10010784BM=0.0000NM=0
2015-06-21 04:45:33 | Save : SID=119,TYPE=update,adSpace_id=10010789BM=0.0000NM=0
2015-06-21 04:45:33 | Save : SID=123,TYPE=update,adSpace_id=10010980BM=0.2914NM=0.5828052
2015-06-21 04:45:33 | Save : SID=124,TYPE=update,adSpace_id=10010985BM=15.1062NM=30.21236184
2015-06-21 04:45:33 | Save : SID=136,TYPE=update,adSpace_id=10011963BM=0.0000NM=0
2015-06-21 04:45:33 | Save : SID=137,TYPE=update,adSpace_id=10011968BM=0.0000NM=7.0E-6
2015-06-21 04:45:33 | Save : SID=143,TYPE=update,adSpace_id=10011181BM=0.0000NM=0
2015-06-21 04:45:33 | Save : SID=79,TYPE=update,adSpace_id=100200043BM=90.6722NM=181.3443534
2015-06-21 04:45:33 | Save : SID=83,TYPE=update,adSpace_id=10010473BM=68.0718NM=136.14360047
2015-06-21 04:45:34 | Save : SID=84,TYPE=update,adSpace_id=10010482BM=0.0000NM=0
2015-06-21 04:45:34 | Save : SID=132,TYPE=update,adSpace_id=10010538BM=0.0000NM=1.8E-5
2015-06-21 04:45:34 | Save : SID=133,TYPE=update,adSpace_id=10010554BM=0.1270NM=0.253978
2015-06-21 04:45:34 | Save : SID=51,TYPE=update,adSpace_id=10010650BM=3.1807NM=6.36143281
2015-06-21 04:45:34 | Save : SID=52,TYPE=update,adSpace_id=10010655BM=4.3099NM=8.61975349
2015-06-21 04:45:34 | Save : SID=53,TYPE=update,adSpace_id=10010661BM=8.8424NM=17.68482687
2015-06-21 04:45:34 | Save : SID=54,TYPE=update,adSpace_id=10010672BM=4.0348NM=8.06955942
2015-06-21 04:45:34 | Save : SID=82,TYPE=update,adSpace_id=10010725BM=88.6226NM=177.24519593
2015-06-21 04:45:34 | Save : SID=60,TYPE=update,adSpace_id=10010779BM=47.1059NM=94.21179149
2015-06-21 04:45:34 | Save : SID=97,TYPE=update,adSpace_id=10010794BM=23.0335NM=46.06704114
2015-06-21 04:45:34 | Save : SID=98,TYPE=update,adSpace_id=10010809BM=5.3740NM=10.74795864
2015-06-21 04:45:35 | Save : SID=99,TYPE=update,adSpace_id=10010819BM=0.0000NM=0
2015-06-21 04:45:35 | Save : SID=100,TYPE=update,adSpace_id=10010824BM=0.0000NM=0
2015-06-21 04:45:35 | Save : SID=61,TYPE=update,adSpace_id=10010799BM=10.5631NM=21.12615594
2015-06-21 04:45:35 | Save : SID=62,TYPE=update,adSpace_id=10010814BM=7.9773NM=15.95456
2015-06-21 04:45:35 | Save : SID=70,TYPE=update,adSpace_id=10010834BM=5.2538NM=10.50760466
2015-06-21 04:45:35 | Save : SID=71,TYPE=update,adSpace_id=10010894BM=0.9266NM=1.85317361
2015-06-21 04:45:35 | Save : SID=72,TYPE=update,adSpace_id=10010899BM=5.2508NM=10.50163953
2015-06-21 04:45:35 | Save : SID=73,TYPE=update,adSpace_id=10010904BM=15.5752NM=31.15043463
2015-06-21 04:45:35 | Save : SID=55,TYPE=update,adSpace_id=10010849BM=0.0000NM=0
2015-06-21 04:45:35 | Save : SID=56,TYPE=update,adSpace_id=10010864BM=129.7449NM=259.48984061
2015-06-21 04:45:35 | Save : SID=57,TYPE=update,adSpace_id=10010879BM=53.9413NM=107.88260512
2015-06-21 04:45:36 | Save : SID=58,TYPE=update,adSpace_id=10010884BM=0.7595NM=1.51897238
2015-06-21 04:45:36 | Save : SID=59,TYPE=update,adSpace_id=10010889BM=42.7072NM=85.41440041
2015-06-21 04:45:36 | Save : SID=107,TYPE=update,adSpace_id=10010909BM=0.0030NM=0.006
2015-06-21 04:45:36 | Save : SID=108,TYPE=update,adSpace_id=10010919BM=5.1653NM=10.3305715
2015-06-21 04:45:36 | Save : SID=109,TYPE=update,adSpace_id=10010929BM=5.1238NM=10.24757183
2015-06-21 04:45:36 | Save : SID=110,TYPE=update,adSpace_id=10010935BM=8.3826NM=16.76523434
2015-06-21 04:45:36 | Save : SID=111,TYPE=update,adSpace_id=10010940BM=1.7629NM=3.52581147
2015-06-21 04:45:36 | Save : SID=112,TYPE=update,adSpace_id=10010945BM=2.4042NM=4.808403
2015-06-21 04:45:36 | Save : SID=113,TYPE=update,adSpace_id=10010950BM=0.1229NM=0.2458189
2015-06-21 04:45:36 | Save : SID=121,TYPE=update,adSpace_id=10010955BM=0.0000NM=0
2015-06-21 04:45:37 | Save : SID=122,TYPE=update,adSpace_id=10010965BM=0.9969NM=1.99381106
2015-06-21 04:45:37 | Save : SID=74,TYPE=update,adSpace_id=10010960BM=0.0153NM=0.030597
2015-06-21 04:45:37 | Save : SID=77,TYPE=update,adSpace_id=10010970BM=1.1784NM=2.35683864
2015-06-21 04:45:37 | Save : SID=78,TYPE=update,adSpace_id=10010975BM=7.0459NM=14.09177923
2015-06-21 04:45:37 | Save : SID=134,TYPE=update,adSpace_id=10010990BM=0.0000NM=0
2015-06-21 04:45:37 | Save : SID=135,TYPE=update,adSpace_id=10010995BM=0.0000NM=0
2015-06-21 04:45:37 | Save : SID=260,TYPE=update,adSpace_id=10011991BM=0.0000NM=0
2015-06-21 04:45:37 | Save : SID=261,TYPE=update,adSpace_id=10012006BM=0.0000NM=0
2015-06-21 04:45:37 | Save : SID=179,TYPE=update,adSpace_id=10012001BM=0.0000NM=0
2015-06-21 04:45:37 | Save : SID=180,TYPE=update,adSpace_id=10014509BM=0.0000NM=3.25E-6
2015-06-21 04:45:37 | Save : SID=161,TYPE=update,adSpace_id=10012166BM=0.0000NM=0
2015-06-21 04:45:38 | Save : SID=262,TYPE=update,adSpace_id=10012188BM=0.0032NM=0.00644392
2015-06-21 04:45:38 | Save : SID=80,TYPE=update,adSpace_id=10012481BM=5.0434NM=10.08683675
2015-06-21 04:45:38 | Save : SID=81,TYPE=update,adSpace_id=10012496BM=0.0000NM=6.0E-6
2015-06-21 04:45:38 | Save : SID=90,TYPE=update,adSpace_id=10012635BM=40.5240NM=81.0480023
2015-06-21 04:45:38 | Save : SID=91,TYPE=update,adSpace_id=10012640BM=5.4730NM=10.94600285
2015-06-21 04:45:38 | Save : SID=85,TYPE=update,adSpace_id=10012665BM=0.0000NM=0
2015-06-21 04:45:38 | Save : SID=86,TYPE=update,adSpace_id=10012676BM=0.0000NM=0
2015-06-21 04:45:38 | Save : SID=149,TYPE=update,adSpace_id=10012745BM=0.0000NM=0
2015-06-21 04:45:38 | Save : SID=150,TYPE=update,adSpace_id=10012803BM=0.0000NM=0
2015-06-21 04:45:38 | Save : SID=151,TYPE=update,adSpace_id=10013097BM=0.0000NM=0
2015-06-21 04:45:39 | Save : SID=152,TYPE=update,adSpace_id=10013107BM=0.0000NM=0
2015-06-21 04:45:39 | Save : SID=199,TYPE=update,adSpace_id=10012755BM=0.0001NM=0.0002085
2015-06-21 04:45:39 | Save : SID=200,TYPE=update,adSpace_id=10012813BM=0.0000NM=0
2015-06-21 04:45:39 | Save : SID=205,TYPE=update,adSpace_id=10012845BM=0.0002NM=0.000404
2015-06-21 04:45:39 | Save : SID=120,TYPE=update,adSpace_id=10013060BM=2.4400NM=4.87996309
2015-06-21 04:45:39 | Save : SID=130,TYPE=update,adSpace_id=10013067BM=0.0000NM=6.0E-6
2015-06-21 04:45:39 | Save : SID=131,TYPE=update,adSpace_id=10013072BM=0.0000NM=0
2015-06-21 04:45:39 | Save : SID=138,TYPE=update,adSpace_id=10013077BM=1.7502NM=3.500403
2015-06-21 04:45:39 | Save : SID=139,TYPE=update,adSpace_id=10013082BM=1.5008NM=3.001622
2015-06-21 04:45:39 | Save : SID=140,TYPE=update,adSpace_id=10013087BM=0.0000NM=0
2015-06-21 04:45:40 | Save : SID=141,TYPE=update,adSpace_id=10013092BM=0.0000NM=0
2015-06-21 04:45:40 | Save : SID=142,TYPE=update,adSpace_id=10013102BM=1.5449NM=3.08980446
2015-06-21 04:45:40 | Save : SID=153,TYPE=update,adSpace_id=10013112BM=0.0000NM=0
2015-06-21 04:45:40 | Save : SID=154,TYPE=update,adSpace_id=10013117BM=0.0000NM=0
2015-06-21 04:45:40 | Save : SID=155,TYPE=update,adSpace_id=10013122BM=0.0000NM=0
2015-06-21 04:45:40 | Save : SID=156,TYPE=update,adSpace_id=10013127BM=0.0000NM=0
2015-06-21 04:45:40 | Save : SID=144,TYPE=update,adSpace_id=10013132BM=0.0002NM=0.000356
2015-06-21 04:45:40 | Save : SID=145,TYPE=update,adSpace_id=10013142BM=0.0000NM=0
2015-06-21 04:45:40 | Save : SID=157,TYPE=update,adSpace_id=10013137BM=0.2689NM=0.5378339
2015-06-21 04:45:40 | Save : SID=158,TYPE=update,adSpace_id=10013152BM=0.0000NM=0
2015-06-21 04:45:41 | Save : SID=159,TYPE=update,adSpace_id=10013162BM=0.0000NM=0
2015-06-21 04:45:41 | Save : SID=146,TYPE=update,adSpace_id=10013147BM=0.0000NM=4.2E-5
2015-06-21 04:45:41 | Save : SID=147,TYPE=update,adSpace_id=10013157BM=0.0000NM=0
2015-06-21 04:45:41 | Save : SID=148,TYPE=update,adSpace_id=10013167BM=0.0000NM=0
2015-06-21 04:45:41 | Save : SID=160,TYPE=update,adSpace_id=10013172BM=0.0000NM=0
2015-06-21 04:45:41 | Save : SID=263,TYPE=update,adSpace_id=10013357BM=0.0000NM=0
2015-06-21 04:45:41 | Save : SID=170,TYPE=update,adSpace_id=10013380BM=0.0030NM=0.006
2015-06-21 04:45:41 | Save : SID=171,TYPE=update,adSpace_id=10013389BM=0.0000NM=0
2015-06-21 04:45:42 | Save : SID=172,TYPE=update,adSpace_id=10013398BM=0.0000NM=3.0E-6
2015-06-21 04:45:42 | Save : SID=181,TYPE=update,adSpace_id=10013715BM=8.4002NM=16.80040404
2015-06-21 04:45:42 | Save : SID=183,TYPE=update,adSpace_id=10013725BM=21.0305NM=42.06101684
2015-06-21 04:45:42 | Save : SID=184,TYPE=update,adSpace_id=10013735BM=0.0000NM=0
2015-06-21 04:45:42 | Save : SID=234,TYPE=update,adSpace_id=10013974BM=11.2399NM=22.47976912
2015-06-21 04:45:42 | Save : SID=235,TYPE=update,adSpace_id=10013979BM=11.4197NM=22.83937549
2015-06-21 04:45:42 | Save : SID=240,TYPE=update,adSpace_id=10013989BM=0.0038NM=0.00755011
2015-06-21 04:45:42 | Save : SID=241,TYPE=update,adSpace_id=10013994BM=0.0000NM=0
2015-06-21 04:45:42 | Save : SID=268,TYPE=update,adSpace_id=100200363BM=0.0000NM=0
2015-06-21 04:45:42 | Save : SID=269,TYPE=update,adSpace_id=100200388BM=0.0000NM=0
2015-06-21 04:45:43 | Save : SID=270,TYPE=update,adSpace_id=100200425BM=0.0000NM=0
2015-06-21 04:45:43 | Save : SID=271,TYPE=update,adSpace_id=100202913BM=0.0000NM=0
2015-06-21 04:48:08 | Save : SID=1,TYPE=create,adSpace_id=10048BM=0.0000NM=0
2015-06-21 04:48:08 | Save : SID=2,TYPE=create,adSpace_id=1003936BM=0.0000NM=0
2015-06-21 04:48:08 | Save : SID=3,TYPE=create,adSpace_id=1004199BM=0.0000NM=0
2015-06-21 04:48:08 | Save : SID=4,TYPE=create,adSpace_id=1006282BM=0.0000NM=0
2015-06-21 04:48:08 | Save : SID=5,TYPE=create,adSpace_id=10014462BM=0.0000NM=0.00175
2015-06-21 04:48:08 | Save : SID=6,TYPE=create,adSpace_id=10053BM=0.0000NM=0
2015-06-21 04:48:08 | Save : SID=7,TYPE=create,adSpace_id=10014443BM=0.0000NM=0
2015-06-21 04:48:08 | Save : SID=8,TYPE=create,adSpace_id=10014457BM=0.0000NM=0
2015-06-21 04:48:08 | Save : SID=9,TYPE=create,adSpace_id=10085BM=0.0000NM=0
2015-06-21 04:48:08 | Save : SID=10,TYPE=create,adSpace_id=100202681BM=0.0000NM=0
2015-06-21 04:48:08 | Save : SID=11,TYPE=create,adSpace_id=100202695BM=0.0000NM=0
2015-06-21 04:48:08 | Save : SID=12,TYPE=create,adSpace_id=100199BM=0.0000NM=0
2015-06-21 04:48:08 | Save : SID=13,TYPE=create,adSpace_id=100204BM=0.0000NM=3.0E-6
2015-06-21 04:48:09 | Save : SID=14,TYPE=create,adSpace_id=100216BM=0.0000NM=0
2015-06-21 04:48:09 | Save : SID=15,TYPE=create,adSpace_id=100224BM=0.0000NM=0
2015-06-21 04:48:09 | Save : SID=16,TYPE=create,adSpace_id=100229BM=0.0000NM=0.86675993
2015-06-21 04:48:09 | Save : SID=17,TYPE=create,adSpace_id=100248BM=0.0000NM=1.5E-5
2015-06-21 04:48:09 | Save : SID=18,TYPE=create,adSpace_id=100256BM=0.0000NM=0
2015-06-21 04:48:09 | Save : SID=19,TYPE=create,adSpace_id=100261BM=0.0000NM=0
2015-06-21 04:48:09 | Save : SID=20,TYPE=create,adSpace_id=100266BM=0.0000NM=0
2015-06-21 04:48:09 | Save : SID=21,TYPE=create,adSpace_id=100271BM=0.0000NM=0
2015-06-21 04:48:09 | Save : SID=22,TYPE=create,adSpace_id=100312BM=0.0000NM=0
2015-06-21 04:48:09 | Save : SID=23,TYPE=create,adSpace_id=100317BM=0.0000NM=0
2015-06-21 04:48:09 | Save : SID=24,TYPE=create,adSpace_id=100455BM=0.0000NM=0
2015-06-21 04:48:10 | Save : SID=25,TYPE=create,adSpace_id=10012721BM=0.0000NM=0.00090949
2015-06-21 04:48:10 | Save : SID=26,TYPE=create,adSpace_id=10012736BM=0.0000NM=0
2015-06-21 04:48:10 | Save : SID=27,TYPE=create,adSpace_id=10013050BM=0.0000NM=0
2015-06-21 04:48:10 | Save : SID=28,TYPE=create,adSpace_id=10013055BM=0.0000NM=0
2015-06-21 04:48:10 | Save : SID=29,TYPE=create,adSpace_id=100459BM=0.0000NM=0.51755568
2015-06-21 04:48:10 | Save : SID=30,TYPE=create,adSpace_id=100464BM=0.0000NM=6.0E-6
2015-06-21 04:48:10 | Save : SID=31,TYPE=create,adSpace_id=10013323BM=0.0000NM=1.78161886
2015-06-21 04:48:10 | Save : SID=32,TYPE=create,adSpace_id=10013328BM=0.0000NM=0
2015-06-21 04:48:10 | Save : SID=33,TYPE=create,adSpace_id=10013333BM=0.0000NM=0
2015-06-21 04:48:10 | Save : SID=34,TYPE=create,adSpace_id=100468BM=0.0000NM=3.00003
2015-06-21 04:48:10 | Save : SID=35,TYPE=create,adSpace_id=100472BM=0.0000NM=0
2015-06-21 04:48:10 | Save : SID=36,TYPE=create,adSpace_id=10013351BM=0.0000NM=0.003
2015-06-21 04:48:10 | Save : SID=37,TYPE=create,adSpace_id=10013367BM=0.0000NM=6.07121578
2015-06-21 04:48:11 | Save : SID=38,TYPE=create,adSpace_id=100476BM=0.0000NM=0
2015-06-21 04:48:11 | Save : SID=39,TYPE=create,adSpace_id=100566BM=0.0000NM=0.528
2015-06-21 04:48:11 | Save : SID=40,TYPE=create,adSpace_id=10010543BM=0.0000NM=1.8030633
2015-06-21 04:48:11 | Save : SID=41,TYPE=create,adSpace_id=10010548BM=0.0000NM=1.407
2015-06-21 04:48:11 | Save : SID=42,TYPE=create,adSpace_id=10010560BM=0.0000NM=0
2015-06-21 04:48:11 | Save : SID=43,TYPE=create,adSpace_id=10010567BM=0.0000NM=0.0035
2015-06-21 04:48:11 | Save : SID=44,TYPE=create,adSpace_id=10010572BM=0.0000NM=0
2015-06-21 04:48:11 | Save : SID=45,TYPE=create,adSpace_id=10012486BM=0.0000NM=1.33610857
2015-06-21 04:48:11 | Save : SID=46,TYPE=create,adSpace_id=10010667BM=0.0000NM=4.016
2015-06-21 04:48:11 | Save : SID=47,TYPE=create,adSpace_id=10010677BM=0.0000NM=0.00570118
2015-06-21 04:48:11 | Save : SID=48,TYPE=create,adSpace_id=10010693BM=0.0000NM=2.004
2015-06-21 04:48:12 | Save : SID=49,TYPE=create,adSpace_id=10012446BM=0.0000NM=0.00023325
2015-06-21 04:48:12 | Save : SID=50,TYPE=create,adSpace_id=10012451BM=0.0000NM=0.003147
2015-06-21 04:48:12 | Save : SID=51,TYPE=create,adSpace_id=10012456BM=0.0000NM=0
2015-06-21 04:48:12 | Save : SID=52,TYPE=create,adSpace_id=10012466BM=0.0000NM=0
2015-06-21 04:48:12 | Save : SID=53,TYPE=create,adSpace_id=10012471BM=0.0000NM=6.0178275
2015-06-21 04:48:12 | Save : SID=54,TYPE=create,adSpace_id=10012476BM=0.0000NM=0
2015-06-21 04:48:12 | Save : SID=55,TYPE=create,adSpace_id=100712BM=0.0000NM=6.0E-6
2015-06-21 04:48:12 | Save : SID=56,TYPE=create,adSpace_id=100717BM=0.0000NM=2.4E-5
2015-06-21 04:48:12 | Save : SID=57,TYPE=create,adSpace_id=10012508BM=0.0000NM=0
2015-06-21 04:48:12 | Save : SID=58,TYPE=create,adSpace_id=10012513BM=0.0000NM=0
2015-06-21 04:48:12 | Save : SID=59,TYPE=create,adSpace_id=100812BM=0.0000NM=15.31031965
2015-06-21 04:48:12 | Save : SID=60,TYPE=create,adSpace_id=100827BM=0.0000NM=6.53693113
2015-06-21 04:48:12 | Save : SID=61,TYPE=create,adSpace_id=100835BM=0.0000NM=3.003003
2015-06-21 04:48:12 | Save : SID=62,TYPE=create,adSpace_id=100839BM=0.0000NM=1.5
2015-06-21 04:48:13 | Save : SID=63,TYPE=create,adSpace_id=100875BM=0.0000NM=0
2015-06-21 04:48:13 | Save : SID=64,TYPE=create,adSpace_id=10012660BM=0.0000NM=1.79675949
2015-06-21 04:48:13 | Save : SID=65,TYPE=create,adSpace_id=10012671BM=0.0000NM=6.0E-6
2015-06-21 04:48:13 | Save : SID=66,TYPE=create,adSpace_id=10012681BM=0.0000NM=0
2015-06-21 04:48:13 | Save : SID=67,TYPE=create,adSpace_id=10012691BM=0.0000NM=0
2015-06-21 04:48:13 | Save : SID=68,TYPE=create,adSpace_id=10012696BM=0.0000NM=0
2015-06-21 04:48:13 | Save : SID=69,TYPE=create,adSpace_id=100843BM=0.0000NM=0
2015-06-21 04:48:13 | Save : SID=70,TYPE=create,adSpace_id=10013834BM=0.0000NM=9.0E-6
2015-06-21 04:48:13 | Save : SID=71,TYPE=create,adSpace_id=10013839BM=0.0000NM=0.006432
2015-06-21 04:48:13 | Save : SID=72,TYPE=create,adSpace_id=10013848BM=0.0000NM=0
2015-06-21 04:48:13 | Save : SID=73,TYPE=create,adSpace_id=10013853BM=0.0000NM=0
2015-06-21 04:48:14 | Save : SID=74,TYPE=create,adSpace_id=10013858BM=0.0000NM=3.0E-6
2015-06-21 04:48:14 | Save : SID=75,TYPE=create,adSpace_id=100844BM=0.0000NM=0
2015-06-21 04:48:14 | Save : SID=76,TYPE=create,adSpace_id=1001463BM=0.0000NM=0
2015-06-21 04:48:14 | Save : SID=77,TYPE=create,adSpace_id=1004609BM=0.0000NM=0
2015-06-21 04:48:14 | Save : SID=78,TYPE=create,adSpace_id=1007915BM=0.0000NM=0.000264
2015-06-21 04:48:14 | Save : SID=79,TYPE=create,adSpace_id=1008279BM=0.0000NM=0
2015-06-21 04:48:14 | Save : SID=80,TYPE=create,adSpace_id=1009022BM=0.0000NM=0
2015-06-21 04:48:14 | Save : SID=81,TYPE=create,adSpace_id=10013863BM=0.0000NM=0.20836645
2015-06-21 04:48:14 | Save : SID=82,TYPE=create,adSpace_id=10013868BM=0.0000NM=0.35665616
2015-06-21 04:48:14 | Save : SID=83,TYPE=create,adSpace_id=10013873BM=0.0000NM=2.71975972
2015-06-21 04:48:14 | Save : SID=84,TYPE=create,adSpace_id=100940BM=0.0000NM=17.58245127
2015-06-21 04:48:14 | Save : SID=85,TYPE=create,adSpace_id=100968BM=0.0000NM=18.86473835
2015-06-21 04:48:14 | Save : SID=86,TYPE=create,adSpace_id=10013878BM=0.0000NM=0
2015-06-21 04:48:14 | Save : SID=87,TYPE=create,adSpace_id=10013883BM=0.0000NM=0
2015-06-21 04:48:15 | Save : SID=88,TYPE=create,adSpace_id=10013888BM=0.0000NM=0.003306
2015-06-21 04:48:15 | Save : SID=89,TYPE=create,adSpace_id=100950BM=0.0000NM=3.22916637
2015-06-21 04:48:15 | Save : SID=90,TYPE=create,adSpace_id=10012818BM=0.0000NM=0
2015-06-21 04:48:15 | Save : SID=91,TYPE=create,adSpace_id=10012823BM=0.0000NM=2.7E-5
2015-06-21 04:48:15 | Save : SID=92,TYPE=create,adSpace_id=10012828BM=0.0000NM=0
2015-06-21 04:48:15 | Save : SID=93,TYPE=create,adSpace_id=100987BM=0.0000NM=0
2015-06-21 04:48:15 | Save : SID=94,TYPE=create,adSpace_id=10014124BM=0.0000NM=0
2015-06-21 04:48:15 | Save : SID=95,TYPE=create,adSpace_id=10014129BM=0.0000NM=1.14195618
2015-06-21 04:48:15 | Save : SID=96,TYPE=create,adSpace_id=10014136BM=0.0000NM=0
2015-06-21 04:48:15 | Save : SID=97,TYPE=create,adSpace_id=1001515BM=0.0000NM=0
2015-06-21 04:48:15 | Save : SID=98,TYPE=create,adSpace_id=1002754BM=0.0000NM=0
2015-06-21 04:48:16 | Save : SID=99,TYPE=create,adSpace_id=1002800BM=0.0000NM=0
2015-06-21 04:48:16 | Save : SID=100,TYPE=create,adSpace_id=1002843BM=0.0000NM=0
2015-06-21 04:48:16 | Save : SID=101,TYPE=create,adSpace_id=1002847BM=0.0000NM=0
2015-06-21 04:48:16 | Save : SID=102,TYPE=create,adSpace_id=1003183BM=0.0000NM=0
2015-06-21 04:48:16 | Save : SID=103,TYPE=create,adSpace_id=1003576BM=0.0000NM=0
2015-06-21 04:48:16 | Save : SID=104,TYPE=create,adSpace_id=1004126BM=0.0000NM=0
2015-06-21 04:48:16 | Save : SID=105,TYPE=create,adSpace_id=1005840BM=0.0000NM=0
2015-06-21 04:48:16 | Save : SID=106,TYPE=create,adSpace_id=1007520BM=0.0000NM=0
2015-06-21 04:48:16 | Save : SID=107,TYPE=create,adSpace_id=1008885BM=0.0000NM=0
2015-06-21 04:48:16 | Save : SID=108,TYPE=create,adSpace_id=10011421BM=0.0000NM=0
2015-06-21 04:48:16 | Save : SID=109,TYPE=create,adSpace_id=10011430BM=0.0000NM=0
2015-06-21 04:48:16 | Save : SID=110,TYPE=create,adSpace_id=1001093BM=0.0000NM=0
2015-06-21 04:48:17 | Save : SID=111,TYPE=create,adSpace_id=1001118BM=0.0000NM=0
2015-06-21 04:48:17 | Save : SID=112,TYPE=create,adSpace_id=10012967BM=0.0000NM=0
2015-06-21 04:48:17 | Save : SID=113,TYPE=create,adSpace_id=10012972BM=0.0000NM=0
2015-06-21 04:48:17 | Save : SID=114,TYPE=create,adSpace_id=10012979BM=0.0000NM=0
2015-06-21 04:48:17 | Save : SID=115,TYPE=create,adSpace_id=10012984BM=0.0000NM=0.003
2015-06-21 04:48:17 | Save : SID=116,TYPE=create,adSpace_id=1001127BM=0.0000NM=0
2015-06-21 04:48:17 | Save : SID=117,TYPE=create,adSpace_id=10013893BM=0.0000NM=5.1224022
2015-06-21 04:48:17 | Save : SID=118,TYPE=create,adSpace_id=10013898BM=0.0000NM=7.81528668
2015-06-21 04:48:17 | Save : SID=119,TYPE=create,adSpace_id=10013903BM=0.0000NM=0
2015-06-21 04:48:18 | Save : SID=120,TYPE=create,adSpace_id=10013918BM=0.0000NM=0
2015-06-21 04:48:18 | Save : SID=121,TYPE=create,adSpace_id=1001144BM=0.0000NM=9.69986307
2015-06-21 04:48:18 | Save : SID=122,TYPE=create,adSpace_id=10014039BM=0.0000NM=0.003
2015-06-21 04:48:18 | Save : SID=123,TYPE=create,adSpace_id=10014044BM=0.0000NM=0
2015-06-21 04:48:18 | Save : SID=124,TYPE=create,adSpace_id=10014049BM=0.0000NM=0
2015-06-21 04:48:18 | Save : SID=125,TYPE=create,adSpace_id=10014054BM=0.0000NM=6.0E-5
2015-06-21 04:48:18 | Save : SID=126,TYPE=create,adSpace_id=10014059BM=0.0000NM=2.15771704
2015-06-21 04:48:18 | Save : SID=127,TYPE=create,adSpace_id=10014073BM=0.0000NM=0
2015-06-21 04:48:18 | Save : SID=128,TYPE=create,adSpace_id=10014119BM=0.0000NM=0.26983856
2015-06-21 04:48:18 | Save : SID=129,TYPE=create,adSpace_id=10014027BM=0.0000NM=1.500228
2015-06-21 04:48:18 | Save : SID=130,TYPE=create,adSpace_id=10014034BM=0.0000NM=1.38662428
2015-06-21 04:48:19 | Save : SID=131,TYPE=create,adSpace_id=10013999BM=0.0000NM=0.19787756
2015-06-21 04:48:19 | Save : SID=132,TYPE=create,adSpace_id=10014004BM=0.0000NM=4.79283728
2015-06-21 04:48:19 | Save : SID=133,TYPE=create,adSpace_id=1001187BM=0.0000NM=2.4E-5
2015-06-21 04:48:19 | Save : SID=134,TYPE=create,adSpace_id=10013984BM=0.0000NM=0.90113141
2015-06-21 04:48:19 | Save : SID=135,TYPE=create,adSpace_id=10010457BM=0.0000NM=0.012
2015-06-21 04:48:19 | Save : SID=136,TYPE=create,adSpace_id=10010492BM=0.0000NM=0
2015-06-21 04:48:19 | Save : SID=137,TYPE=create,adSpace_id=1001210BM=0.0000NM=0.006
2015-06-21 04:48:19 | Save : SID=138,TYPE=create,adSpace_id=10013949BM=0.0000NM=0
2015-06-21 04:48:19 | Save : SID=139,TYPE=create,adSpace_id=10013923BM=0.0000NM=0
2015-06-21 04:48:19 | Save : SID=140,TYPE=create,adSpace_id=10013928BM=0.0000NM=0
2015-06-21 04:48:19 | Save : SID=141,TYPE=create,adSpace_id=10013936BM=0.0000NM=0
2015-06-21 04:48:20 | Save : SID=142,TYPE=create,adSpace_id=1001351BM=0.0000NM=0
2015-06-21 04:48:20 | Save : SID=143,TYPE=create,adSpace_id=10010839BM=0.0000NM=4.512
2015-06-21 04:48:20 | Save : SID=144,TYPE=create,adSpace_id=10010844BM=0.0000NM=3.01846634
2015-06-21 04:48:20 | Save : SID=145,TYPE=create,adSpace_id=10010854BM=0.0000NM=0
2015-06-21 04:48:20 | Save : SID=146,TYPE=create,adSpace_id=10010859BM=0.0000NM=1.69683494
2015-06-21 04:48:20 | Save : SID=147,TYPE=create,adSpace_id=10010869BM=0.0000NM=1.29113247
2015-06-21 04:48:20 | Save : SID=148,TYPE=create,adSpace_id=10010874BM=0.0000NM=0
2015-06-21 04:48:20 | Save : SID=149,TYPE=create,adSpace_id=10012208BM=0.0000NM=0
2015-06-21 04:48:20 | Save : SID=150,TYPE=create,adSpace_id=10012213BM=0.0000NM=0
2015-06-21 04:48:20 | Save : SID=151,TYPE=create,adSpace_id=10012218BM=0.0000NM=0
2015-06-21 04:48:20 | Save : SID=152,TYPE=create,adSpace_id=10012223BM=0.0000NM=0
2015-06-21 04:48:20 | Save : SID=153,TYPE=create,adSpace_id=1001780BM=0.0000NM=0
2015-06-21 04:48:21 | Save : SID=154,TYPE=create,adSpace_id=1001834BM=0.0000NM=5.0E-7
2015-06-21 04:48:21 | Save : SID=155,TYPE=create,adSpace_id=1005004BM=0.0000NM=1.08
2015-06-21 04:48:21 | Save : SID=156,TYPE=create,adSpace_id=1005992BM=0.0000NM=0
2015-06-21 04:48:21 | Save : SID=157,TYPE=create,adSpace_id=1006049BM=0.0000NM=0.001503
2015-06-21 04:48:21 | Save : SID=158,TYPE=create,adSpace_id=1001784BM=0.0000NM=0.001
2015-06-21 04:48:21 | Save : SID=159,TYPE=create,adSpace_id=100203119BM=0.0000NM=0
2015-06-21 04:48:21 | Save : SID=160,TYPE=create,adSpace_id=1004996BM=0.0000NM=0.25720401
2015-06-21 04:48:21 | Save : SID=161,TYPE=create,adSpace_id=1008236BM=0.0000NM=0
2015-06-21 04:48:21 | Save : SID=162,TYPE=create,adSpace_id=100202806BM=0.0000NM=2.406
2015-06-21 04:48:22 | Save : SID=163,TYPE=create,adSpace_id=100202808BM=0.0000NM=0
2015-06-21 04:48:22 | Save : SID=164,TYPE=create,adSpace_id=10010607BM=0.0000NM=2.1449533
2015-06-21 04:48:22 | Save : SID=165,TYPE=create,adSpace_id=10010617BM=0.0000NM=0
2015-06-21 04:48:22 | Save : SID=166,TYPE=create,adSpace_id=10010732BM=0.0000NM=3.16861287
2015-06-21 04:48:22 | Save : SID=167,TYPE=create,adSpace_id=10010759BM=0.0000NM=0.0002618
2015-06-21 04:48:22 | Save : SID=168,TYPE=create,adSpace_id=10010769BM=0.0000NM=0
2015-06-21 04:48:22 | Save : SID=169,TYPE=create,adSpace_id=10010774BM=0.0000NM=1.500015
2015-06-21 04:48:22 | Save : SID=170,TYPE=create,adSpace_id=10010784BM=0.0000NM=0
2015-06-21 04:48:23 | Save : SID=171,TYPE=create,adSpace_id=10010789BM=0.0000NM=0
2015-06-21 04:48:23 | Save : SID=172,TYPE=create,adSpace_id=10010980BM=0.0000NM=0.2914052
2015-06-21 04:48:23 | Save : SID=173,TYPE=create,adSpace_id=10010985BM=0.0000NM=15.10616184
2015-06-21 04:48:23 | Save : SID=174,TYPE=create,adSpace_id=10011963BM=0.0000NM=0
2015-06-21 04:48:23 | Save : SID=175,TYPE=create,adSpace_id=10011968BM=0.0000NM=7.0E-6
2015-06-21 04:48:23 | Save : SID=176,TYPE=create,adSpace_id=10011181BM=0.0000NM=0
2015-06-21 04:48:23 | Save : SID=177,TYPE=create,adSpace_id=100200043BM=0.0000NM=90.6721534
2015-06-21 04:48:24 | Save : SID=178,TYPE=create,adSpace_id=10010473BM=0.0000NM=68.07180047
2015-06-21 04:48:24 | Save : SID=179,TYPE=create,adSpace_id=10010482BM=0.0000NM=0
2015-06-21 04:48:24 | Save : SID=180,TYPE=create,adSpace_id=10010538BM=0.0000NM=1.8E-5
2015-06-21 04:48:24 | Save : SID=181,TYPE=create,adSpace_id=10010554BM=0.0000NM=0.126978
2015-06-21 04:48:24 | Save : SID=182,TYPE=create,adSpace_id=10010650BM=0.0000NM=3.18073281
2015-06-21 04:48:24 | Save : SID=183,TYPE=create,adSpace_id=10010655BM=0.0000NM=4.30985349
2015-06-21 04:48:24 | Save : SID=184,TYPE=create,adSpace_id=10010661BM=0.0000NM=8.84242687
2015-06-21 04:48:24 | Save : SID=185,TYPE=create,adSpace_id=10010672BM=0.0000NM=4.03475942
2015-06-21 04:48:24 | Save : SID=186,TYPE=create,adSpace_id=10010725BM=0.0000NM=88.62259593
2015-06-21 04:48:24 | Save : SID=187,TYPE=create,adSpace_id=10010779BM=0.0000NM=47.10589149
2015-06-21 04:48:25 | Save : SID=188,TYPE=create,adSpace_id=10010794BM=0.0000NM=23.03354114
2015-06-21 04:48:25 | Save : SID=189,TYPE=create,adSpace_id=10010809BM=0.0000NM=5.37395864
2015-06-21 04:48:25 | Save : SID=190,TYPE=create,adSpace_id=10010819BM=0.0000NM=0
2015-06-21 04:48:25 | Save : SID=191,TYPE=create,adSpace_id=10010824BM=0.0000NM=0
2015-06-21 04:48:25 | Save : SID=192,TYPE=create,adSpace_id=10010799BM=0.0000NM=10.56305594
2015-06-21 04:48:25 | Save : SID=193,TYPE=create,adSpace_id=10010814BM=0.0000NM=7.97726
2015-06-21 04:48:25 | Save : SID=194,TYPE=create,adSpace_id=10010834BM=0.0000NM=5.25380466
2015-06-21 04:48:25 | Save : SID=195,TYPE=create,adSpace_id=10010894BM=0.0000NM=0.92657361
2015-06-21 04:48:25 | Save : SID=196,TYPE=create,adSpace_id=10010899BM=0.0000NM=5.25083953
2015-06-21 04:48:25 | Save : SID=197,TYPE=create,adSpace_id=10010904BM=0.0000NM=15.57523463
2015-06-21 04:48:26 | Save : SID=198,TYPE=create,adSpace_id=10010849BM=0.0000NM=0
2015-06-21 04:48:26 | Save : SID=199,TYPE=create,adSpace_id=10010864BM=0.0000NM=129.74494061
2015-06-21 04:48:26 | Save : SID=200,TYPE=create,adSpace_id=10010879BM=0.0000NM=53.94130512
2015-06-21 04:48:26 | Save : SID=201,TYPE=create,adSpace_id=10010884BM=0.0000NM=0.75947238
2015-06-21 04:48:26 | Save : SID=202,TYPE=create,adSpace_id=10010889BM=0.0000NM=42.70720041
2015-06-21 04:48:26 | Save : SID=203,TYPE=create,adSpace_id=10010909BM=0.0000NM=0.003
2015-06-21 04:48:26 | Save : SID=204,TYPE=create,adSpace_id=10010919BM=0.0000NM=5.1652715
2015-06-21 04:48:26 | Save : SID=205,TYPE=create,adSpace_id=10010929BM=0.0000NM=5.12377183
2015-06-21 04:48:26 | Save : SID=206,TYPE=create,adSpace_id=10010935BM=0.0000NM=8.38263434
2015-06-21 04:48:26 | Save : SID=207,TYPE=create,adSpace_id=10010940BM=0.0000NM=1.76291147
2015-06-21 04:48:26 | Save : SID=208,TYPE=create,adSpace_id=10010945BM=0.0000NM=2.404203
2015-06-21 04:48:27 | Save : SID=209,TYPE=create,adSpace_id=10010950BM=0.0000NM=0.1229189
2015-06-21 04:48:27 | Save : SID=210,TYPE=create,adSpace_id=10010955BM=0.0000NM=0
2015-06-21 04:48:27 | Save : SID=211,TYPE=create,adSpace_id=10010965BM=0.0000NM=0.99691106
2015-06-21 04:48:27 | Save : SID=212,TYPE=create,adSpace_id=10010960BM=0.0000NM=0.015297
2015-06-21 04:48:27 | Save : SID=213,TYPE=create,adSpace_id=10010970BM=0.0000NM=1.17843864
2015-06-21 04:48:27 | Save : SID=214,TYPE=create,adSpace_id=10010975BM=0.0000NM=7.04587923
2015-06-21 04:48:27 | Save : SID=215,TYPE=create,adSpace_id=10010990BM=0.0000NM=0
2015-06-21 04:48:27 | Save : SID=216,TYPE=create,adSpace_id=10010995BM=0.0000NM=0
2015-06-21 04:48:27 | Save : SID=217,TYPE=create,adSpace_id=10011991BM=0.0000NM=0
2015-06-21 04:48:27 | Save : SID=218,TYPE=create,adSpace_id=10012006BM=0.0000NM=0
2015-06-21 04:48:28 | Save : SID=219,TYPE=create,adSpace_id=10012001BM=0.0000NM=0
2015-06-21 04:48:28 | Save : SID=220,TYPE=create,adSpace_id=10014509BM=0.0000NM=3.25E-6
2015-06-21 04:48:28 | Save : SID=221,TYPE=create,adSpace_id=10012166BM=0.0000NM=0
2015-06-21 04:48:28 | Save : SID=222,TYPE=create,adSpace_id=10012188BM=0.0000NM=0.00324392
2015-06-21 04:48:28 | Save : SID=223,TYPE=create,adSpace_id=10012481BM=0.0000NM=5.04343675
2015-06-21 04:48:28 | Save : SID=224,TYPE=create,adSpace_id=10012496BM=0.0000NM=6.0E-6
2015-06-21 04:48:28 | Save : SID=225,TYPE=create,adSpace_id=10012635BM=0.0000NM=40.5240023
2015-06-21 04:48:28 | Save : SID=226,TYPE=create,adSpace_id=10012640BM=0.0000NM=5.47300285
2015-06-21 04:48:28 | Save : SID=227,TYPE=create,adSpace_id=10012665BM=0.0000NM=0
2015-06-21 04:48:28 | Save : SID=228,TYPE=create,adSpace_id=10012676BM=0.0000NM=0
2015-06-21 04:48:29 | Save : SID=229,TYPE=create,adSpace_id=10012745BM=0.0000NM=0
2015-06-21 04:48:29 | Save : SID=230,TYPE=create,adSpace_id=10012803BM=0.0000NM=0
2015-06-21 04:48:29 | Save : SID=231,TYPE=create,adSpace_id=10013097BM=0.0000NM=0
2015-06-21 04:48:29 | Save : SID=232,TYPE=create,adSpace_id=10013107BM=0.0000NM=0
2015-06-21 04:48:29 | Save : SID=233,TYPE=create,adSpace_id=10012755BM=0.0000NM=0.0001085
2015-06-21 04:48:29 | Save : SID=234,TYPE=create,adSpace_id=10012813BM=0.0000NM=0
2015-06-21 04:48:29 | Save : SID=235,TYPE=create,adSpace_id=10012845BM=0.0000NM=0.000204
2015-06-21 04:48:29 | Save : SID=236,TYPE=create,adSpace_id=10013060BM=0.0000NM=2.43996309
2015-06-21 04:48:29 | Save : SID=237,TYPE=create,adSpace_id=10013067BM=0.0000NM=6.0E-6
2015-06-21 04:48:29 | Save : SID=238,TYPE=create,adSpace_id=10013072BM=0.0000NM=0
2015-06-21 04:48:29 | Save : SID=239,TYPE=create,adSpace_id=10013077BM=0.0000NM=1.750203
2015-06-21 04:48:30 | Save : SID=240,TYPE=create,adSpace_id=10013082BM=0.0000NM=1.500822
2015-06-21 04:48:30 | Save : SID=241,TYPE=create,adSpace_id=10013087BM=0.0000NM=0
2015-06-21 04:48:30 | Save : SID=242,TYPE=create,adSpace_id=10013092BM=0.0000NM=0
2015-06-21 04:48:30 | Save : SID=243,TYPE=create,adSpace_id=10013102BM=0.0000NM=1.54490446
2015-06-21 04:48:30 | Save : SID=244,TYPE=create,adSpace_id=10013112BM=0.0000NM=0
2015-06-21 04:48:30 | Save : SID=245,TYPE=create,adSpace_id=10013117BM=0.0000NM=0
2015-06-21 04:48:30 | Save : SID=246,TYPE=create,adSpace_id=10013122BM=0.0000NM=0
2015-06-21 04:48:30 | Save : SID=247,TYPE=create,adSpace_id=10013127BM=0.0000NM=0
2015-06-21 04:48:30 | Save : SID=248,TYPE=create,adSpace_id=10013132BM=0.0000NM=0.000156
2015-06-21 04:48:30 | Save : SID=249,TYPE=create,adSpace_id=10013142BM=0.0000NM=0
2015-06-21 04:48:30 | Save : SID=250,TYPE=create,adSpace_id=10013137BM=0.0000NM=0.2689339
2015-06-21 04:48:31 | Save : SID=251,TYPE=create,adSpace_id=10013152BM=0.0000NM=0
2015-06-21 04:48:31 | Save : SID=252,TYPE=create,adSpace_id=10013162BM=0.0000NM=0
2015-06-21 04:48:31 | Save : SID=253,TYPE=create,adSpace_id=10013147BM=0.0000NM=4.2E-5
2015-06-21 04:48:31 | Save : SID=254,TYPE=create,adSpace_id=10013157BM=0.0000NM=0
2015-06-21 04:48:31 | Save : SID=255,TYPE=create,adSpace_id=10013167BM=0.0000NM=0
2015-06-21 04:48:31 | Save : SID=256,TYPE=create,adSpace_id=10013172BM=0.0000NM=0
2015-06-21 04:48:31 | Save : SID=257,TYPE=create,adSpace_id=10013357BM=0.0000NM=0
2015-06-21 04:48:31 | Save : SID=258,TYPE=create,adSpace_id=10013380BM=0.0000NM=0.003
2015-06-21 04:48:31 | Save : SID=259,TYPE=create,adSpace_id=10013389BM=0.0000NM=0
2015-06-21 04:48:31 | Save : SID=260,TYPE=create,adSpace_id=10013398BM=0.0000NM=3.0E-6
2015-06-21 04:48:32 | Save : SID=261,TYPE=create,adSpace_id=10013715BM=0.0000NM=8.40020404
2015-06-21 04:48:32 | Save : SID=262,TYPE=create,adSpace_id=10013725BM=0.0000NM=21.03051684
2015-06-21 04:48:32 | Save : SID=263,TYPE=create,adSpace_id=10013735BM=0.0000NM=0
2015-06-21 04:48:32 | Save : SID=264,TYPE=create,adSpace_id=10013974BM=0.0000NM=11.23986912
2015-06-21 04:48:32 | Save : SID=265,TYPE=create,adSpace_id=10013979BM=0.0000NM=11.41967549
2015-06-21 04:48:32 | Save : SID=266,TYPE=create,adSpace_id=10013989BM=0.0000NM=0.00375011
2015-06-21 04:48:32 | Save : SID=267,TYPE=create,adSpace_id=10013994BM=0.0000NM=0
2015-06-21 04:48:32 | Save : SID=268,TYPE=create,adSpace_id=100200363BM=0.0000NM=0
2015-06-21 04:48:32 | Save : SID=269,TYPE=create,adSpace_id=100200388BM=0.0000NM=0
2015-06-21 04:48:32 | Save : SID=270,TYPE=create,adSpace_id=100200425BM=0.0000NM=0
2015-06-21 04:48:33 | Save : SID=271,TYPE=create,adSpace_id=100202913BM=0.0000NM=0
